/home/gotting/miniconda3/lib/python3.7/site-packages/quast-5.0.2-py3.7.egg/EGG-INFO/scripts/quast.py -o quast/AttcepgaCombined_FD_2029527004.a -t 10 -m 300 AttcepgaCombined_FD/2029527004.a.fna

Version: 5.0.2

System information:
  OS: Linux-4.15.0-191-generic-x86_64-with-debian-buster-sid (linux_64)
  Python version: 3.7.4
  CPUs number: 96

Started: 2022-10-04 15:11:10

Logging to /home/gotting/jgi/quast/AttcepgaCombined_FD_2029527004.a/quast.log

CWD: /home/gotting/jgi
Main parameters: 
  MODE: default, threads: 10, minimum contig length: 300, minimum alignment length: 65, \
  ambiguity: one, threshold for extensive misassembly size: 1000

Contigs:
  Pre-processing...
  AttcepgaCombined_FD/2029527004.a.fna ==> 2029527004.a

2022-10-04 15:11:13
Running Basic statistics processor...
  Contig files: 
    2029527004.a
  Calculating N50 and L50...
    2029527004.a, N50 = 1288, L50 = 3792, Total length = 37122972, GC % = 52.05, # N's per 100 kbp =  3.51
  Drawing Nx plot...
    saved to /home/gotting/jgi/quast/AttcepgaCombined_FD_2029527004.a/basic_stats/Nx_plot.pdf
  Drawing cumulative plot...
    saved to /home/gotting/jgi/quast/AttcepgaCombined_FD_2029527004.a/basic_stats/cumulative_plot.pdf
  Drawing GC content plot...
    saved to /home/gotting/jgi/quast/AttcepgaCombined_FD_2029527004.a/basic_stats/GC_content_plot.pdf
  Drawing 2029527004.a GC content plot...
    saved to /home/gotting/jgi/quast/AttcepgaCombined_FD_2029527004.a/basic_stats/2029527004.a_GC_content_plot.pdf
Done.

NOTICE: Genes are not predicted by default. Use --gene-finding or --glimmer option to enable it.

2022-10-04 15:11:16
Creating large visual summaries...
This may take a while: press Ctrl-C to skip this step..
  1 of 2: Creating Icarus viewers...
  2 of 2: Creating PDF with all tables and plots...
Done

2022-10-04 15:11:17
RESULTS:
  Text versions of total report are saved to /home/gotting/jgi/quast/AttcepgaCombined_FD_2029527004.a/report.txt, report.tsv, and report.tex
  Text versions of transposed total report are saved to /home/gotting/jgi/quast/AttcepgaCombined_FD_2029527004.a/transposed_report.txt, transposed_report.tsv, and transposed_report.tex
  HTML version (interactive tables and plots) is saved to /home/gotting/jgi/quast/AttcepgaCombined_FD_2029527004.a/report.html
  PDF version (tables and plots) is saved to /home/gotting/jgi/quast/AttcepgaCombined_FD_2029527004.a/report.pdf
  Icarus (contig browser) is saved to /home/gotting/jgi/quast/AttcepgaCombined_FD_2029527004.a/icarus.html
  Log is saved to /home/gotting/jgi/quast/AttcepgaCombined_FD_2029527004.a/quast.log

Finished: 2022-10-04 15:11:17
Elapsed time: 0:00:06.985784
NOTICEs: 1; WARNINGs: 0; non-fatal ERRORs: 0

Thank you for using QUAST!
