/home/gotting/miniconda3/lib/python3.7/site-packages/quast-5.0.2-py3.7.egg/EGG-INFO/scripts/quast.py -o quast/MedBloCARef_M1_FD_187850.assembled -t 10 -m 300 MedBloCARef_M1_FD/187850.assembled.fna

Version: 5.0.2

System information:
  OS: Linux-4.15.0-191-generic-x86_64-with-debian-buster-sid (linux_64)
  Python version: 3.7.4
  CPUs number: 96

Started: 2022-10-04 15:20:52

Logging to /home/gotting/jgi/quast/MedBloCARef_M1_FD_187850.assembled/quast.log

CWD: /home/gotting/jgi
Main parameters: 
  MODE: default, threads: 10, minimum contig length: 300, minimum alignment length: 65, \
  ambiguity: one, threshold for extensive misassembly size: 1000

Contigs:
  Pre-processing...
  MedBloCARef_M1_FD/187850.assembled.fna ==> 187850.assembled

2022-10-04 15:21:12
Running Basic statistics processor...
  Contig files: 
    187850.assembled
  Calculating N50 and L50...
    187850.assembled, N50 = 721, L50 = 99593, Total length = 279995295, GC % = 61.62, # N's per 100 kbp =  0.00
  Drawing Nx plot...
    saved to /home/gotting/jgi/quast/MedBloCARef_M1_FD_187850.assembled/basic_stats/Nx_plot.pdf
  Drawing cumulative plot...
    saved to /home/gotting/jgi/quast/MedBloCARef_M1_FD_187850.assembled/basic_stats/cumulative_plot.pdf
  Drawing GC content plot...
    saved to /home/gotting/jgi/quast/MedBloCARef_M1_FD_187850.assembled/basic_stats/GC_content_plot.pdf
  Drawing 187850.assembled GC content plot...
    saved to /home/gotting/jgi/quast/MedBloCARef_M1_FD_187850.assembled/basic_stats/187850.assembled_GC_content_plot.pdf
Done.

NOTICE: Genes are not predicted by default. Use --gene-finding or --glimmer option to enable it.

2022-10-04 15:21:31
Creating large visual summaries...
This may take a while: press Ctrl-C to skip this step..
  1 of 2: Creating Icarus viewers...
  2 of 2: Creating PDF with all tables and plots...
Done

2022-10-04 15:21:37
RESULTS:
  Text versions of total report are saved to /home/gotting/jgi/quast/MedBloCARef_M1_FD_187850.assembled/report.txt, report.tsv, and report.tex
  Text versions of transposed total report are saved to /home/gotting/jgi/quast/MedBloCARef_M1_FD_187850.assembled/transposed_report.txt, transposed_report.tsv, and transposed_report.tex
  HTML version (interactive tables and plots) is saved to /home/gotting/jgi/quast/MedBloCARef_M1_FD_187850.assembled/report.html
  PDF version (tables and plots) is saved to /home/gotting/jgi/quast/MedBloCARef_M1_FD_187850.assembled/report.pdf
  Icarus (contig browser) is saved to /home/gotting/jgi/quast/MedBloCARef_M1_FD_187850.assembled/icarus.html
  Log is saved to /home/gotting/jgi/quast/MedBloCARef_M1_FD_187850.assembled/quast.log

Finished: 2022-10-04 15:21:37
Elapsed time: 0:00:45.348382
NOTICEs: 1; WARNINGs: 0; non-fatal ERRORs: 0

Thank you for using QUAST!
