/home/gotting/miniconda3/lib/python3.7/site-packages/quast-5.0.2-py3.7.egg/EGG-INFO/scripts/quast.py -o quast/CypfungaCombined_FD_2030936005.a -t 10 -m 300 CypfungaCombined_FD/2030936005.a.fna

Version: 5.0.2

System information:
  OS: Linux-4.15.0-191-generic-x86_64-with-debian-buster-sid (linux_64)
  Python version: 3.7.4
  CPUs number: 96

Started: 2022-10-04 15:19:11

Logging to /home/gotting/jgi/quast/CypfungaCombined_FD_2030936005.a/quast.log

CWD: /home/gotting/jgi
Main parameters: 
  MODE: default, threads: 10, minimum contig length: 300, minimum alignment length: 65, \
  ambiguity: one, threshold for extensive misassembly size: 1000

Contigs:
  Pre-processing...
  CypfungaCombined_FD/2030936005.a.fna ==> 2030936005.a

2022-10-04 15:19:18
Running Basic statistics processor...
  Contig files: 
    2030936005.a
  Calculating N50 and L50...
    2030936005.a, N50 = 526, L50 = 21237, Total length = 82574800, GC % = 56.47, # N's per 100 kbp =  3.06
  Drawing Nx plot...
    saved to /home/gotting/jgi/quast/CypfungaCombined_FD_2030936005.a/basic_stats/Nx_plot.pdf
  Drawing cumulative plot...
    saved to /home/gotting/jgi/quast/CypfungaCombined_FD_2030936005.a/basic_stats/cumulative_plot.pdf
  Drawing GC content plot...
    saved to /home/gotting/jgi/quast/CypfungaCombined_FD_2030936005.a/basic_stats/GC_content_plot.pdf
  Drawing 2030936005.a GC content plot...
    saved to /home/gotting/jgi/quast/CypfungaCombined_FD_2030936005.a/basic_stats/2030936005.a_GC_content_plot.pdf
Done.

NOTICE: Genes are not predicted by default. Use --gene-finding or --glimmer option to enable it.

2022-10-04 15:19:23
Creating large visual summaries...
This may take a while: press Ctrl-C to skip this step..
  1 of 2: Creating Icarus viewers...
  2 of 2: Creating PDF with all tables and plots...
Done

2022-10-04 15:19:26
RESULTS:
  Text versions of total report are saved to /home/gotting/jgi/quast/CypfungaCombined_FD_2030936005.a/report.txt, report.tsv, and report.tex
  Text versions of transposed total report are saved to /home/gotting/jgi/quast/CypfungaCombined_FD_2030936005.a/transposed_report.txt, transposed_report.tsv, and transposed_report.tex
  HTML version (interactive tables and plots) is saved to /home/gotting/jgi/quast/CypfungaCombined_FD_2030936005.a/report.html
  PDF version (tables and plots) is saved to /home/gotting/jgi/quast/CypfungaCombined_FD_2030936005.a/report.pdf
  Icarus (contig browser) is saved to /home/gotting/jgi/quast/CypfungaCombined_FD_2030936005.a/icarus.html
  Log is saved to /home/gotting/jgi/quast/CypfungaCombined_FD_2030936005.a/quast.log

Finished: 2022-10-04 15:19:26
Elapsed time: 0:00:14.743853
NOTICEs: 1; WARNINGs: 0; non-fatal ERRORs: 0

Thank you for using QUAST!
