/home/gotting/miniconda3/lib/python3.7/site-packages/quast-5.0.2-py3.7.egg/EGG-INFO/scripts/quast.py -o quast/GraSoiAngelo_129_FD_185886.assembled -t 10 -m 300 GraSoiAngelo_129_FD/185886.assembled.fna

Version: 5.0.2

System information:
  OS: Linux-4.15.0-191-generic-x86_64-with-debian-buster-sid (linux_64)
  Python version: 3.7.4
  CPUs number: 96

Started: 2022-10-04 15:19:26

Logging to /home/gotting/jgi/quast/GraSoiAngelo_129_FD_185886.assembled/quast.log

CWD: /home/gotting/jgi
Main parameters: 
  MODE: default, threads: 10, minimum contig length: 300, minimum alignment length: 65, \
  ambiguity: one, threshold for extensive misassembly size: 1000

Contigs:
  Pre-processing...
  GraSoiAngelo_129_FD/185886.assembled.fna ==> 185886.assembled

2022-10-04 15:20:03
Running Basic statistics processor...
  Contig files: 
    185886.assembled
  Calculating N50 and L50...
    185886.assembled, N50 = 1388, L50 = 91419, Total length = 632730368, GC % = 62.45, # N's per 100 kbp =  0.00
  Drawing Nx plot...
    saved to /home/gotting/jgi/quast/GraSoiAngelo_129_FD_185886.assembled/basic_stats/Nx_plot.pdf
  Drawing cumulative plot...
    saved to /home/gotting/jgi/quast/GraSoiAngelo_129_FD_185886.assembled/basic_stats/cumulative_plot.pdf
  Drawing GC content plot...
    saved to /home/gotting/jgi/quast/GraSoiAngelo_129_FD_185886.assembled/basic_stats/GC_content_plot.pdf
  Drawing 185886.assembled GC content plot...
    saved to /home/gotting/jgi/quast/GraSoiAngelo_129_FD_185886.assembled/basic_stats/185886.assembled_GC_content_plot.pdf
Done.

NOTICE: Genes are not predicted by default. Use --gene-finding or --glimmer option to enable it.

2022-10-04 15:20:41
Creating large visual summaries...
This may take a while: press Ctrl-C to skip this step..
  1 of 2: Creating Icarus viewers...
  2 of 2: Creating PDF with all tables and plots...
Done

2022-10-04 15:20:51
RESULTS:
  Text versions of total report are saved to /home/gotting/jgi/quast/GraSoiAngelo_129_FD_185886.assembled/report.txt, report.tsv, and report.tex
  Text versions of transposed total report are saved to /home/gotting/jgi/quast/GraSoiAngelo_129_FD_185886.assembled/transposed_report.txt, transposed_report.tsv, and transposed_report.tex
  HTML version (interactive tables and plots) is saved to /home/gotting/jgi/quast/GraSoiAngelo_129_FD_185886.assembled/report.html
  PDF version (tables and plots) is saved to /home/gotting/jgi/quast/GraSoiAngelo_129_FD_185886.assembled/report.pdf
  Icarus (contig browser) is saved to /home/gotting/jgi/quast/GraSoiAngelo_129_FD_185886.assembled/icarus.html
  Log is saved to /home/gotting/jgi/quast/GraSoiAngelo_129_FD_185886.assembled/quast.log

Finished: 2022-10-04 15:20:51
Elapsed time: 0:01:25.250205
NOTICEs: 1; WARNINGs: 0; non-fatal ERRORs: 0

Thank you for using QUAST!
