/home/gotting/miniconda3/lib/python3.7/site-packages/quast-5.0.2-py3.7.egg/EGG-INFO/scripts/quast.py -o quast/AttsexASBM1_FD_111477.assembled -t 10 -m 300 AttsexASBM1_FD/111477.assembled.fna

Version: 5.0.2

System information:
  OS: Linux-4.15.0-191-generic-x86_64-with-debian-buster-sid (linux_64)
  Python version: 3.7.4
  CPUs number: 96

Started: 2022-10-04 15:14:31

Logging to /home/gotting/jgi/quast/AttsexASBM1_FD_111477.assembled/quast.log

CWD: /home/gotting/jgi
Main parameters: 
  MODE: default, threads: 10, minimum contig length: 300, minimum alignment length: 65, \
  ambiguity: one, threshold for extensive misassembly size: 1000

Contigs:
  Pre-processing...
  AttsexASBM1_FD/111477.assembled.fna ==> 111477.assembled

2022-10-04 15:15:07
Running Basic statistics processor...
  Contig files: 
    111477.assembled
  Calculating N50 and L50...
    111477.assembled, N50 = 3573, L50 = 41496, Total length = 663641424, GC % = 38.37, # N's per 100 kbp =  0.00
  Drawing Nx plot...
    saved to /home/gotting/jgi/quast/AttsexASBM1_FD_111477.assembled/basic_stats/Nx_plot.pdf
  Drawing cumulative plot...
    saved to /home/gotting/jgi/quast/AttsexASBM1_FD_111477.assembled/basic_stats/cumulative_plot.pdf
  Drawing GC content plot...
    saved to /home/gotting/jgi/quast/AttsexASBM1_FD_111477.assembled/basic_stats/GC_content_plot.pdf
  Drawing 111477.assembled GC content plot...
    saved to /home/gotting/jgi/quast/AttsexASBM1_FD_111477.assembled/basic_stats/111477.assembled_GC_content_plot.pdf
Done.

NOTICE: Genes are not predicted by default. Use --gene-finding or --glimmer option to enable it.

2022-10-04 15:15:42
Creating large visual summaries...
This may take a while: press Ctrl-C to skip this step..
  1 of 2: Creating Icarus viewers...
  2 of 2: Creating PDF with all tables and plots...
Done

2022-10-04 15:15:52
RESULTS:
  Text versions of total report are saved to /home/gotting/jgi/quast/AttsexASBM1_FD_111477.assembled/report.txt, report.tsv, and report.tex
  Text versions of transposed total report are saved to /home/gotting/jgi/quast/AttsexASBM1_FD_111477.assembled/transposed_report.txt, transposed_report.tsv, and transposed_report.tex
  HTML version (interactive tables and plots) is saved to /home/gotting/jgi/quast/AttsexASBM1_FD_111477.assembled/report.html
  PDF version (tables and plots) is saved to /home/gotting/jgi/quast/AttsexASBM1_FD_111477.assembled/report.pdf
  Icarus (contig browser) is saved to /home/gotting/jgi/quast/AttsexASBM1_FD_111477.assembled/icarus.html
  Log is saved to /home/gotting/jgi/quast/AttsexASBM1_FD_111477.assembled/quast.log

Finished: 2022-10-04 15:15:53
Elapsed time: 0:01:21.130461
NOTICEs: 1; WARNINGs: 0; non-fatal ERRORs: 0

Thank you for using QUAST!
